21-10-08 19:21:32.992 - INFO:   name: sr_ffhq
  phase: train
  gpu_ids: [0]
  path:[
    log: experiments/sr_ffhq_211008_192132/logs
    tb_logger: experiments/sr_ffhq_211008_192132/tb_logger
    results: experiments/sr_ffhq_211008_192132/results
    checkpoint: experiments/sr_ffhq_211008_192132/checkpoint
    resume_state: None
    experiments_root: experiments/sr_ffhq_211008_192132
  ]
  datasets:[
    train:[
      name: FFHQ
      mode: HR
      dataroot: data/datasets/femurPNGs/femur_LH_64_256
      datatype: img
      l_resolution: 64
      r_resolution: 256
      batch_size: 4
      num_workers: 16
      use_shuffle: True
      data_len: -1
      chtype: L
    ]
    val:[
      name: CelebaHQ
      mode: LRHR
      dataroot: data/datasets/femurPNGs/femur_LH_64_256
      datatype: img
      l_resolution: 64
      r_resolution: 256
      data_len: 3
      chtype: L
    ]
  ]
  model:[
    which_model_G: sr3
    finetune_norm: False
    unet:[
      in_channel: 2
      out_channel: 1
      inner_channel: 64
      channel_multiplier: [1, 2, 4, 8, 8]
      attn_res: [16]
      res_blocks: 2
      dropout: 0.1
    ]
    beta_schedule:[
      train:[
        schedule: linear
        n_timestep: 2000
        linear_start: 1e-06
        linear_end: 0.01
      ]
      val:[
        schedule: linear
        n_timestep: 2000
        linear_start: 1e-06
        linear_end: 0.01
      ]
    ]
    diffusion:[
      image_size: 256
      channels: 1
      conditional: True
    ]
  ]
  train:[
    n_iter: 1000000
    val_freq: 10000.0
    save_checkpoint_freq: 10000.0
    print_freq: 200
    optimizer:[
      type: adam
      lr: 0.0001
    ]
    ema_scheduler:[
      step_start_ema: 5000
      update_ema_every: 1
      ema_decay: 0.9999
    ]
  ]
  distributed: False

21-10-08 19:21:33.194 - INFO: Dataset [LRHRDataset - FFHQ] is created.
21-10-08 19:21:33.490 - INFO: Dataset [LRHRDataset - CelebaHQ] is created.
21-10-08 19:21:33.491 - INFO: Initial Dataset Finished
21-10-08 19:21:34.243 - INFO: Initialization method [orthogonal]
21-10-08 19:21:41.181 - INFO: Network G structure: GaussianDiffusion, with parameters: 97,804,033
21-10-08 19:21:41.182 - INFO: GaussianDiffusion(
  (denoise_fn): UNet(
    (noise_level_mlp): Sequential(
      (0): PositionalEncoding()
      (1): Linear(in_features=64, out_features=256, bias=True)
      (2): Swish()
      (3): Linear(in_features=256, out_features=64, bias=True)
    )
    (downs): ModuleList(
      (0): Conv2d(2, 64, kernel_size=(3, 3), stride=(1, 1), padding=(1, 1))
      (1): ResnetBlocWithAttn(
        (res_block): ResnetBlock(
          (noise_func): FeatureWiseAffine(
            (noise_func): Sequential(
              (0): Linear(in_features=64, out_features=64, bias=True)
            )
          )
          (block1): Block(
            (block): Sequential(
              (0): GroupNorm(32, 64, eps=1e-05, affine=True)
              (1): Swish()
              (2): Identity()
              (3): Conv2d(64, 64, kernel_size=(3, 3), stride=(1, 1), padding=(1, 1))
            )
          )
          (block2): Block(
            (block): Sequential(
              (0): GroupNorm(32, 64, eps=1e-05, affine=True)
              (1): Swish()
              (2): Dropout(p=0.1, inplace=False)
              (3): Conv2d(64, 64, kernel_size=(3, 3), stride=(1, 1), padding=(1, 1))
            )
          )
          (res_conv): Identity()
        )
      )
      (2): ResnetBlocWithAttn(
        (res_block): ResnetBlock(
          (noise_func): FeatureWiseAffine(
            (noise_func): Sequential(
              (0): Linear(in_features=64, out_features=64, bias=True)
            )
          )
          (block1): Block(
            (block): Sequential(
              (0): GroupNorm(32, 64, eps=1e-05, affine=True)
              (1): Swish()
              (2): Identity()
              (3): Conv2d(64, 64, kernel_size=(3, 3), stride=(1, 1), padding=(1, 1))
            )
          )
          (block2): Block(
            (block): Sequential(
              (0): GroupNorm(32, 64, eps=1e-05, affine=True)
              (1): Swish()
              (2): Dropout(p=0.1, inplace=False)
              (3): Conv2d(64, 64, kernel_size=(3, 3), stride=(1, 1), padding=(1, 1))
            )
          )
          (res_conv): Identity()
        )
      )
      (3): Downsample(
        (conv): Conv2d(64, 64, kernel_size=(3, 3), stride=(2, 2), padding=(1, 1))
      )
      (4): ResnetBlocWithAttn(
        (res_block): ResnetBlock(
          (noise_func): FeatureWiseAffine(
            (noise_func): Sequential(
              (0): Linear(in_features=64, out_features=128, bias=True)
            )
          )
          (block1): Block(
            (block): Sequential(
              (0): GroupNorm(32, 64, eps=1e-05, affine=True)
              (1): Swish()
              (2): Identity()
              (3): Conv2d(64, 128, kernel_size=(3, 3), stride=(1, 1), padding=(1, 1))
            )
          )
          (block2): Block(
            (block): Sequential(
              (0): GroupNorm(32, 128, eps=1e-05, affine=True)
              (1): Swish()
              (2): Dropout(p=0.1, inplace=False)
              (3): Conv2d(128, 128, kernel_size=(3, 3), stride=(1, 1), padding=(1, 1))
            )
          )
          (res_conv): Conv2d(64, 128, kernel_size=(1, 1), stride=(1, 1))
        )
      )
      (5): ResnetBlocWithAttn(
        (res_block): ResnetBlock(
          (noise_func): FeatureWiseAffine(
            (noise_func): Sequential(
              (0): Linear(in_features=64, out_features=128, bias=True)
            )
          )
          (block1): Block(
            (block): Sequential(
              (0): GroupNorm(32, 128, eps=1e-05, affine=True)
              (1): Swish()
              (2): Identity()
              (3): Conv2d(128, 128, kernel_size=(3, 3), stride=(1, 1), padding=(1, 1))
            )
          )
          (block2): Block(
            (block): Sequential(
              (0): GroupNorm(32, 128, eps=1e-05, affine=True)
              (1): Swish()
              (2): Dropout(p=0.1, inplace=False)
              (3): Conv2d(128, 128, kernel_size=(3, 3), stride=(1, 1), padding=(1, 1))
            )
          )
          (res_conv): Identity()
        )
      )
      (6): Downsample(
        (conv): Conv2d(128, 128, kernel_size=(3, 3), stride=(2, 2), padding=(1, 1))
      )
      (7): ResnetBlocWithAttn(
        (res_block): ResnetBlock(
          (noise_func): FeatureWiseAffine(
            (noise_func): Sequential(
              (0): Linear(in_features=64, out_features=256, bias=True)
            )
          )
          (block1): Block(
            (block): Sequential(
              (0): GroupNorm(32, 128, eps=1e-05, affine=True)
              (1): Swish()
              (2): Identity()
              (3): Conv2d(128, 256, kernel_size=(3, 3), stride=(1, 1), padding=(1, 1))
            )
          )
          (block2): Block(
            (block): Sequential(
              (0): GroupNorm(32, 256, eps=1e-05, affine=True)
              (1): Swish()
              (2): Dropout(p=0.1, inplace=False)
              (3): Conv2d(256, 256, kernel_size=(3, 3), stride=(1, 1), padding=(1, 1))
            )
          )
          (res_conv): Conv2d(128, 256, kernel_size=(1, 1), stride=(1, 1))
        )
      )
      (8): ResnetBlocWithAttn(
        (res_block): ResnetBlock(
          (noise_func): FeatureWiseAffine(
            (noise_func): Sequential(
              (0): Linear(in_features=64, out_features=256, bias=True)
            )
          )
          (block1): Block(
            (block): Sequential(
              (0): GroupNorm(32, 256, eps=1e-05, affine=True)
              (1): Swish()
              (2): Identity()
              (3): Conv2d(256, 256, kernel_size=(3, 3), stride=(1, 1), padding=(1, 1))
            )
          )
          (block2): Block(
            (block): Sequential(
              (0): GroupNorm(32, 256, eps=1e-05, affine=True)
              (1): Swish()
              (2): Dropout(p=0.1, inplace=False)
              (3): Conv2d(256, 256, kernel_size=(3, 3), stride=(1, 1), padding=(1, 1))
            )
          )
          (res_conv): Identity()
        )
      )
      (9): Downsample(
        (conv): Conv2d(256, 256, kernel_size=(3, 3), stride=(2, 2), padding=(1, 1))
      )
      (10): ResnetBlocWithAttn(
        (res_block): ResnetBlock(
          (noise_func): FeatureWiseAffine(
            (noise_func): Sequential(
              (0): Linear(in_features=64, out_features=512, bias=True)
            )
          )
          (block1): Block(
            (block): Sequential(
              (0): GroupNorm(32, 256, eps=1e-05, affine=True)
              (1): Swish()
              (2): Identity()
              (3): Conv2d(256, 512, kernel_size=(3, 3), stride=(1, 1), padding=(1, 1))
            )
          )
          (block2): Block(
            (block): Sequential(
              (0): GroupNorm(32, 512, eps=1e-05, affine=True)
              (1): Swish()
              (2): Dropout(p=0.1, inplace=False)
              (3): Conv2d(512, 512, kernel_size=(3, 3), stride=(1, 1), padding=(1, 1))
            )
          )
          (res_conv): Conv2d(256, 512, kernel_size=(1, 1), stride=(1, 1))
        )
      )
      (11): ResnetBlocWithAttn(
        (res_block): ResnetBlock(
          (noise_func): FeatureWiseAffine(
            (noise_func): Sequential(
              (0): Linear(in_features=64, out_features=512, bias=True)
            )
          )
          (block1): Block(
            (block): Sequential(
              (0): GroupNorm(32, 512, eps=1e-05, affine=True)
              (1): Swish()
              (2): Identity()
              (3): Conv2d(512, 512, kernel_size=(3, 3), stride=(1, 1), padding=(1, 1))
            )
          )
          (block2): Block(
            (block): Sequential(
              (0): GroupNorm(32, 512, eps=1e-05, affine=True)
              (1): Swish()
              (2): Dropout(p=0.1, inplace=False)
              (3): Conv2d(512, 512, kernel_size=(3, 3), stride=(1, 1), padding=(1, 1))
            )
          )
          (res_conv): Identity()
        )
      )
      (12): Downsample(
        (conv): Conv2d(512, 512, kernel_size=(3, 3), stride=(2, 2), padding=(1, 1))
      )
      (13): ResnetBlocWithAttn(
        (res_block): ResnetBlock(
          (noise_func): FeatureWiseAffine(
            (noise_func): Sequential(
              (0): Linear(in_features=64, out_features=512, bias=True)
            )
          )
          (block1): Block(
            (block): Sequential(
              (0): GroupNorm(32, 512, eps=1e-05, affine=True)
              (1): Swish()
              (2): Identity()
              (3): Conv2d(512, 512, kernel_size=(3, 3), stride=(1, 1), padding=(1, 1))
            )
          )
          (block2): Block(
            (block): Sequential(
              (0): GroupNorm(32, 512, eps=1e-05, affine=True)
              (1): Swish()
              (2): Dropout(p=0.1, inplace=False)
              (3): Conv2d(512, 512, kernel_size=(3, 3), stride=(1, 1), padding=(1, 1))
            )
          )
          (res_conv): Identity()
        )
        (attn): SelfAttention(
          (norm): GroupNorm(32, 512, eps=1e-05, affine=True)
          (qkv): Conv2d(512, 1536, kernel_size=(1, 1), stride=(1, 1), bias=False)
          (out): Conv2d(512, 512, kernel_size=(1, 1), stride=(1, 1))
        )
      )
      (14): ResnetBlocWithAttn(
        (res_block): ResnetBlock(
          (noise_func): FeatureWiseAffine(
            (noise_func): Sequential(
              (0): Linear(in_features=64, out_features=512, bias=True)
            )
          )
          (block1): Block(
            (block): Sequential(
              (0): GroupNorm(32, 512, eps=1e-05, affine=True)
              (1): Swish()
              (2): Identity()
              (3): Conv2d(512, 512, kernel_size=(3, 3), stride=(1, 1), padding=(1, 1))
            )
          )
          (block2): Block(
            (block): Sequential(
              (0): GroupNorm(32, 512, eps=1e-05, affine=True)
              (1): Swish()
              (2): Dropout(p=0.1, inplace=False)
              (3): Conv2d(512, 512, kernel_size=(3, 3), stride=(1, 1), padding=(1, 1))
            )
          )
          (res_conv): Identity()
        )
        (attn): SelfAttention(
          (norm): GroupNorm(32, 512, eps=1e-05, affine=True)
          (qkv): Conv2d(512, 1536, kernel_size=(1, 1), stride=(1, 1), bias=False)
          (out): Conv2d(512, 512, kernel_size=(1, 1), stride=(1, 1))
        )
      )
    )
    (mid): ModuleList(
      (0): ResnetBlocWithAttn(
        (res_block): ResnetBlock(
          (noise_func): FeatureWiseAffine(
            (noise_func): Sequential(
              (0): Linear(in_features=64, out_features=512, bias=True)
            )
          )
          (block1): Block(
            (block): Sequential(
              (0): GroupNorm(32, 512, eps=1e-05, affine=True)
              (1): Swish()
              (2): Identity()
              (3): Conv2d(512, 512, kernel_size=(3, 3), stride=(1, 1), padding=(1, 1))
            )
          )
          (block2): Block(
            (block): Sequential(
              (0): GroupNorm(32, 512, eps=1e-05, affine=True)
              (1): Swish()
              (2): Dropout(p=0.1, inplace=False)
              (3): Conv2d(512, 512, kernel_size=(3, 3), stride=(1, 1), padding=(1, 1))
            )
          )
          (res_conv): Identity()
        )
        (attn): SelfAttention(
          (norm): GroupNorm(32, 512, eps=1e-05, affine=True)
          (qkv): Conv2d(512, 1536, kernel_size=(1, 1), stride=(1, 1), bias=False)
          (out): Conv2d(512, 512, kernel_size=(1, 1), stride=(1, 1))
        )
      )
      (1): ResnetBlocWithAttn(
        (res_block): ResnetBlock(
          (noise_func): FeatureWiseAffine(
            (noise_func): Sequential(
              (0): Linear(in_features=64, out_features=512, bias=True)
            )
          )
          (block1): Block(
            (block): Sequential(
              (0): GroupNorm(32, 512, eps=1e-05, affine=True)
              (1): Swish()
              (2): Identity()
              (3): Conv2d(512, 512, kernel_size=(3, 3), stride=(1, 1), padding=(1, 1))
            )
          )
          (block2): Block(
            (block): Sequential(
              (0): GroupNorm(32, 512, eps=1e-05, affine=True)
              (1): Swish()
              (2): Dropout(p=0.1, inplace=False)
              (3): Conv2d(512, 512, kernel_size=(3, 3), stride=(1, 1), padding=(1, 1))
            )
          )
          (res_conv): Identity()
        )
      )
    )
    (ups): ModuleList(
      (0): ResnetBlocWithAttn(
        (res_block): ResnetBlock(
          (noise_func): FeatureWiseAffine(
            (noise_func): Sequential(
              (0): Linear(in_features=64, out_features=512, bias=True)
            )
          )
          (block1): Block(
            (block): Sequential(
              (0): GroupNorm(32, 1024, eps=1e-05, affine=True)
              (1): Swish()
              (2): Identity()
              (3): Conv2d(1024, 512, kernel_size=(3, 3), stride=(1, 1), padding=(1, 1))
            )
          )
          (block2): Block(
            (block): Sequential(
              (0): GroupNorm(32, 512, eps=1e-05, affine=True)
              (1): Swish()
              (2): Dropout(p=0.1, inplace=False)
              (3): Conv2d(512, 512, kernel_size=(3, 3), stride=(1, 1), padding=(1, 1))
            )
          )
          (res_conv): Conv2d(1024, 512, kernel_size=(1, 1), stride=(1, 1))
        )
        (attn): SelfAttention(
          (norm): GroupNorm(32, 512, eps=1e-05, affine=True)
          (qkv): Conv2d(512, 1536, kernel_size=(1, 1), stride=(1, 1), bias=False)
          (out): Conv2d(512, 512, kernel_size=(1, 1), stride=(1, 1))
        )
      )
      (1): ResnetBlocWithAttn(
        (res_block): ResnetBlock(
          (noise_func): FeatureWiseAffine(
            (noise_func): Sequential(
              (0): Linear(in_features=64, out_features=512, bias=True)
            )
          )
          (block1): Block(
            (block): Sequential(
              (0): GroupNorm(32, 1024, eps=1e-05, affine=True)
              (1): Swish()
              (2): Identity()
              (3): Conv2d(1024, 512, kernel_size=(3, 3), stride=(1, 1), padding=(1, 1))
            )
          )
          (block2): Block(
            (block): Sequential(
              (0): GroupNorm(32, 512, eps=1e-05, affine=True)
              (1): Swish()
              (2): Dropout(p=0.1, inplace=False)
              (3): Conv2d(512, 512, kernel_size=(3, 3), stride=(1, 1), padding=(1, 1))
            )
          )
          (res_conv): Conv2d(1024, 512, kernel_size=(1, 1), stride=(1, 1))
        )
        (attn): SelfAttention(
          (norm): GroupNorm(32, 512, eps=1e-05, affine=True)
          (qkv): Conv2d(512, 1536, kernel_size=(1, 1), stride=(1, 1), bias=False)
          (out): Conv2d(512, 512, kernel_size=(1, 1), stride=(1, 1))
        )
      )
      (2): ResnetBlocWithAttn(
        (res_block): ResnetBlock(
          (noise_func): FeatureWiseAffine(
            (noise_func): Sequential(
              (0): Linear(in_features=64, out_features=512, bias=True)
            )
          )
          (block1): Block(
            (block): Sequential(
              (0): GroupNorm(32, 1024, eps=1e-05, affine=True)
              (1): Swish()
              (2): Identity()
              (3): Conv2d(1024, 512, kernel_size=(3, 3), stride=(1, 1), padding=(1, 1))
            )
          )
          (block2): Block(
            (block): Sequential(
              (0): GroupNorm(32, 512, eps=1e-05, affine=True)
              (1): Swish()
              (2): Dropout(p=0.1, inplace=False)
              (3): Conv2d(512, 512, kernel_size=(3, 3), stride=(1, 1), padding=(1, 1))
            )
          )
          (res_conv): Conv2d(1024, 512, kernel_size=(1, 1), stride=(1, 1))
        )
        (attn): SelfAttention(
          (norm): GroupNorm(32, 512, eps=1e-05, affine=True)
          (qkv): Conv2d(512, 1536, kernel_size=(1, 1), stride=(1, 1), bias=False)
          (out): Conv2d(512, 512, kernel_size=(1, 1), stride=(1, 1))
        )
      )
      (3): Upsample(
        (up): Upsample(scale_factor=2.0, mode=nearest)
        (conv): Conv2d(512, 512, kernel_size=(3, 3), stride=(1, 1), padding=(1, 1))
      )
      (4): ResnetBlocWithAttn(
        (res_block): ResnetBlock(
          (noise_func): FeatureWiseAffine(
            (noise_func): Sequential(
              (0): Linear(in_features=64, out_features=512, bias=True)
            )
          )
          (block1): Block(
            (block): Sequential(
              (0): GroupNorm(32, 1024, eps=1e-05, affine=True)
              (1): Swish()
              (2): Identity()
              (3): Conv2d(1024, 512, kernel_size=(3, 3), stride=(1, 1), padding=(1, 1))
            )
          )
          (block2): Block(
            (block): Sequential(
              (0): GroupNorm(32, 512, eps=1e-05, affine=True)
              (1): Swish()
              (2): Dropout(p=0.1, inplace=False)
              (3): Conv2d(512, 512, kernel_size=(3, 3), stride=(1, 1), padding=(1, 1))
            )
          )
          (res_conv): Conv2d(1024, 512, kernel_size=(1, 1), stride=(1, 1))
        )
      )
      (5): ResnetBlocWithAttn(
        (res_block): ResnetBlock(
          (noise_func): FeatureWiseAffine(
            (noise_func): Sequential(
              (0): Linear(in_features=64, out_features=512, bias=True)
            )
          )
          (block1): Block(
            (block): Sequential(
              (0): GroupNorm(32, 1024, eps=1e-05, affine=True)
              (1): Swish()
              (2): Identity()
              (3): Conv2d(1024, 512, kernel_size=(3, 3), stride=(1, 1), padding=(1, 1))
            )
          )
          (block2): Block(
            (block): Sequential(
              (0): GroupNorm(32, 512, eps=1e-05, affine=True)
              (1): Swish()
              (2): Dropout(p=0.1, inplace=False)
              (3): Conv2d(512, 512, kernel_size=(3, 3), stride=(1, 1), padding=(1, 1))
            )
          )
          (res_conv): Conv2d(1024, 512, kernel_size=(1, 1), stride=(1, 1))
        )
      )
      (6): ResnetBlocWithAttn(
        (res_block): ResnetBlock(
          (noise_func): FeatureWiseAffine(
            (noise_func): Sequential(
              (0): Linear(in_features=64, out_features=512, bias=True)
            )
          )
          (block1): Block(
            (block): Sequential(
              (0): GroupNorm(32, 768, eps=1e-05, affine=True)
              (1): Swish()
              (2): Identity()
              (3): Conv2d(768, 512, kernel_size=(3, 3), stride=(1, 1), padding=(1, 1))
            )
          )
          (block2): Block(
            (block): Sequential(
              (0): GroupNorm(32, 512, eps=1e-05, affine=True)
              (1): Swish()
              (2): Dropout(p=0.1, inplace=False)
              (3): Conv2d(512, 512, kernel_size=(3, 3), stride=(1, 1), padding=(1, 1))
            )
          )
          (res_conv): Conv2d(768, 512, kernel_size=(1, 1), stride=(1, 1))
        )
      )
      (7): Upsample(
        (up): Upsample(scale_factor=2.0, mode=nearest)
        (conv): Conv2d(512, 512, kernel_size=(3, 3), stride=(1, 1), padding=(1, 1))
      )
      (8): ResnetBlocWithAttn(
        (res_block): ResnetBlock(
          (noise_func): FeatureWiseAffine(
            (noise_func): Sequential(
              (0): Linear(in_features=64, out_features=256, bias=True)
            )
          )
          (block1): Block(
            (block): Sequential(
              (0): GroupNorm(32, 768, eps=1e-05, affine=True)
              (1): Swish()
              (2): Identity()
              (3): Conv2d(768, 256, kernel_size=(3, 3), stride=(1, 1), padding=(1, 1))
            )
          )
          (block2): Block(
            (block): Sequential(
              (0): GroupNorm(32, 256, eps=1e-05, affine=True)
              (1): Swish()
              (2): Dropout(p=0.1, inplace=False)
              (3): Conv2d(256, 256, kernel_size=(3, 3), stride=(1, 1), padding=(1, 1))
            )
          )
          (res_conv): Conv2d(768, 256, kernel_size=(1, 1), stride=(1, 1))
        )
      )
      (9): ResnetBlocWithAttn(
        (res_block): ResnetBlock(
          (noise_func): FeatureWiseAffine(
            (noise_func): Sequential(
              (0): Linear(in_features=64, out_features=256, bias=True)
            )
          )
          (block1): Block(
            (block): Sequential(
              (0): GroupNorm(32, 512, eps=1e-05, affine=True)
              (1): Swish()
              (2): Identity()
              (3): Conv2d(512, 256, kernel_size=(3, 3), stride=(1, 1), padding=(1, 1))
            )
          )
          (block2): Block(
            (block): Sequential(
              (0): GroupNorm(32, 256, eps=1e-05, affine=True)
              (1): Swish()
              (2): Dropout(p=0.1, inplace=False)
              (3): Conv2d(256, 256, kernel_size=(3, 3), stride=(1, 1), padding=(1, 1))
            )
          )
          (res_conv): Conv2d(512, 256, kernel_size=(1, 1), stride=(1, 1))
        )
      )
      (10): ResnetBlocWithAttn(
        (res_block): ResnetBlock(
          (noise_func): FeatureWiseAffine(
            (noise_func): Sequential(
              (0): Linear(in_features=64, out_features=256, bias=True)
            )
          )
          (block1): Block(
            (block): Sequential(
              (0): GroupNorm(32, 384, eps=1e-05, affine=True)
              (1): Swish()
              (2): Identity()
              (3): Conv2d(384, 256, kernel_size=(3, 3), stride=(1, 1), padding=(1, 1))
            )
          )
          (block2): Block(
            (block): Sequential(
              (0): GroupNorm(32, 256, eps=1e-05, affine=True)
              (1): Swish()
              (2): Dropout(p=0.1, inplace=False)
              (3): Conv2d(256, 256, kernel_size=(3, 3), stride=(1, 1), padding=(1, 1))
            )
          )
          (res_conv): Conv2d(384, 256, kernel_size=(1, 1), stride=(1, 1))
        )
      )
      (11): Upsample(
        (up): Upsample(scale_factor=2.0, mode=nearest)
        (conv): Conv2d(256, 256, kernel_size=(3, 3), stride=(1, 1), padding=(1, 1))
      )
      (12): ResnetBlocWithAttn(
        (res_block): ResnetBlock(
          (noise_func): FeatureWiseAffine(
            (noise_func): Sequential(
              (0): Linear(in_features=64, out_features=128, bias=True)
            )
          )
          (block1): Block(
            (block): Sequential(
              (0): GroupNorm(32, 384, eps=1e-05, affine=True)
              (1): Swish()
              (2): Identity()
              (3): Conv2d(384, 128, kernel_size=(3, 3), stride=(1, 1), padding=(1, 1))
            )
          )
          (block2): Block(
            (block): Sequential(
              (0): GroupNorm(32, 128, eps=1e-05, affine=True)
              (1): Swish()
              (2): Dropout(p=0.1, inplace=False)
              (3): Conv2d(128, 128, kernel_size=(3, 3), stride=(1, 1), padding=(1, 1))
            )
          )
          (res_conv): Conv2d(384, 128, kernel_size=(1, 1), stride=(1, 1))
        )
      )
      (13): ResnetBlocWithAttn(
        (res_block): ResnetBlock(
          (noise_func): FeatureWiseAffine(
            (noise_func): Sequential(
              (0): Linear(in_features=64, out_features=128, bias=True)
            )
          )
          (block1): Block(
            (block): Sequential(
              (0): GroupNorm(32, 256, eps=1e-05, affine=True)
              (1): Swish()
              (2): Identity()
              (3): Conv2d(256, 128, kernel_size=(3, 3), stride=(1, 1), padding=(1, 1))
            )
          )
          (block2): Block(
            (block): Sequential(
              (0): GroupNorm(32, 128, eps=1e-05, affine=True)
              (1): Swish()
              (2): Dropout(p=0.1, inplace=False)
              (3): Conv2d(128, 128, kernel_size=(3, 3), stride=(1, 1), padding=(1, 1))
            )
          )
          (res_conv): Conv2d(256, 128, kernel_size=(1, 1), stride=(1, 1))
        )
      )
      (14): ResnetBlocWithAttn(
        (res_block): ResnetBlock(
          (noise_func): FeatureWiseAffine(
            (noise_func): Sequential(
              (0): Linear(in_features=64, out_features=128, bias=True)
            )
          )
          (block1): Block(
            (block): Sequential(
              (0): GroupNorm(32, 192, eps=1e-05, affine=True)
              (1): Swish()
              (2): Identity()
              (3): Conv2d(192, 128, kernel_size=(3, 3), stride=(1, 1), padding=(1, 1))
            )
          )
          (block2): Block(
            (block): Sequential(
              (0): GroupNorm(32, 128, eps=1e-05, affine=True)
              (1): Swish()
              (2): Dropout(p=0.1, inplace=False)
              (3): Conv2d(128, 128, kernel_size=(3, 3), stride=(1, 1), padding=(1, 1))
            )
          )
          (res_conv): Conv2d(192, 128, kernel_size=(1, 1), stride=(1, 1))
        )
      )
      (15): Upsample(
        (up): Upsample(scale_factor=2.0, mode=nearest)
        (conv): Conv2d(128, 128, kernel_size=(3, 3), stride=(1, 1), padding=(1, 1))
      )
      (16): ResnetBlocWithAttn(
        (res_block): ResnetBlock(
          (noise_func): FeatureWiseAffine(
            (noise_func): Sequential(
              (0): Linear(in_features=64, out_features=64, bias=True)
            )
          )
          (block1): Block(
            (block): Sequential(
              (0): GroupNorm(32, 192, eps=1e-05, affine=True)
              (1): Swish()
              (2): Identity()
              (3): Conv2d(192, 64, kernel_size=(3, 3), stride=(1, 1), padding=(1, 1))
            )
          )
          (block2): Block(
            (block): Sequential(
              (0): GroupNorm(32, 64, eps=1e-05, affine=True)
              (1): Swish()
              (2): Dropout(p=0.1, inplace=False)
              (3): Conv2d(64, 64, kernel_size=(3, 3), stride=(1, 1), padding=(1, 1))
            )
          )
          (res_conv): Conv2d(192, 64, kernel_size=(1, 1), stride=(1, 1))
        )
      )
      (17): ResnetBlocWithAttn(
        (res_block): ResnetBlock(
          (noise_func): FeatureWiseAffine(
            (noise_func): Sequential(
              (0): Linear(in_features=64, out_features=64, bias=True)
            )
          )
          (block1): Block(
            (block): Sequential(
              (0): GroupNorm(32, 128, eps=1e-05, affine=True)
              (1): Swish()
              (2): Identity()
              (3): Conv2d(128, 64, kernel_size=(3, 3), stride=(1, 1), padding=(1, 1))
            )
          )
          (block2): Block(
            (block): Sequential(
              (0): GroupNorm(32, 64, eps=1e-05, affine=True)
              (1): Swish()
              (2): Dropout(p=0.1, inplace=False)
              (3): Conv2d(64, 64, kernel_size=(3, 3), stride=(1, 1), padding=(1, 1))
            )
          )
          (res_conv): Conv2d(128, 64, kernel_size=(1, 1), stride=(1, 1))
        )
      )
      (18): ResnetBlocWithAttn(
        (res_block): ResnetBlock(
          (noise_func): FeatureWiseAffine(
            (noise_func): Sequential(
              (0): Linear(in_features=64, out_features=64, bias=True)
            )
          )
          (block1): Block(
            (block): Sequential(
              (0): GroupNorm(32, 128, eps=1e-05, affine=True)
              (1): Swish()
              (2): Identity()
              (3): Conv2d(128, 64, kernel_size=(3, 3), stride=(1, 1), padding=(1, 1))
            )
          )
          (block2): Block(
            (block): Sequential(
              (0): GroupNorm(32, 64, eps=1e-05, affine=True)
              (1): Swish()
              (2): Dropout(p=0.1, inplace=False)
              (3): Conv2d(64, 64, kernel_size=(3, 3), stride=(1, 1), padding=(1, 1))
            )
          )
          (res_conv): Conv2d(128, 64, kernel_size=(1, 1), stride=(1, 1))
        )
      )
    )
    (final_conv): Block(
      (block): Sequential(
        (0): GroupNorm(32, 64, eps=1e-05, affine=True)
        (1): Swish()
        (2): Identity()
        (3): Conv2d(64, 1, kernel_size=(3, 3), stride=(1, 1), padding=(1, 1))
      )
    )
  )
  (loss_func): L1Loss()
)
21-10-08 19:21:41.183 - INFO: Model [DDPM] is created.
21-10-08 19:21:41.183 - INFO: Initial Model Finished
21-10-08 19:23:01.314 - INFO: <epoch:  1, iter:     200> l_pix: 7.7922e-02 
21-10-08 19:24:24.426 - INFO: <epoch:  1, iter:     400> l_pix: 1.0863e-01 
21-10-08 19:25:58.628 - INFO: <epoch:  1, iter:     600> l_pix: 6.3548e-02 
